<?xml version="1.0" encoding="UTF-8"?>
<!-- Generated by org.testng.reporters.JUnitReportReporter -->
<testsuite hostname="DESKTOP-M7GVVU2" failures="0" tests="4" name="com.qa.Tests.TestCase" time="0.014" errors="0" timestamp="2021-02-13T14:57:55 GMT-08:00" skipped="0">
  <testcase classname="com.qa.Tests.TestCase" name="method2" time="0.004"/>
  <system-out/>
  <testcase classname="com.qa.Tests.TestCase" name="method3" time="0.003"/>
  <system-out/>
  <testcase classname="com.qa.Tests.TestCase" name="method1" time="0.003"/>
  <system-out/>
  <testcase classname="com.qa.Tests.TestCase" name="method4" time="0.004"/>
  <system-out/>
</testsuite> <!-- com.qa.Tests.TestCase -->
